<?xml version="1.0" encoding="UTF-8"?>
<!-- Generated by org.testng.reporters.JUnitReportReporter -->
<testsuite ignored="0" hostname="LAPTOP-NE2K3F3R" failures="0" tests="7" name="com.hellofresh.challenge.api_test" time="7.850" errors="1" timestamp="26 May 2018 21:00:48 GMT" skipped="0">
  <testcase classname="com.hellofresh.challenge.api_test" name="getSpecificNationDE" time="0.635"/>
  <testcase classname="com.hellofresh.challenge.api_test" name="getResponseForInexistentNation" time="0.784"/>
  <testcase classname="com.hellofresh.challenge.api_test" name="getSpecificNationUS" time="0.604"/>
  <testcase classname="com.hellofresh.challenge.api_test" name="getResponseForPostValue" time="0.574">
    <error message="Failed to parse the JSON document" type="com.jayway.restassured.path.json.exception.JsonPathException">
      <![CDATA[com.jayway.restassured.path.json.exception.JsonPathException: Failed to parse the JSON document
	at com.jayway.restassured.path.json.JsonPath$ExceptionCatcher.invoke(JsonPath.java:915)
	at com.jayway.restassured.path.json.JsonPath$4.doParseWith(JsonPath.java:880)
	at com.jayway.restassured.path.json.JsonPath$JsonParser.parseWith(JsonPath.java:959)
	at com.jayway.restassured.path.json.JsonPath.get(JsonPath.java:201)
	at com.jayway.restassured.path.json.JsonPath.getString(JsonPath.java:351)
	at com.hellofresh.challenge.api_test.getResponseForPostValue(api_test.java:163)
	at java.base/jdk.internal.reflect.NativeMethodAccessorImpl.invoke0(Native Method)
	at java.base/jdk.internal.reflect.NativeMethodAccessorImpl.invoke(NativeMethodAccessorImpl.java:62)
	at java.base/jdk.internal.reflect.DelegatingMethodAccessorImpl.invoke(DelegatingMethodAccessorImpl.java:43)
	at java.base/java.lang.reflect.Method.invoke(Method.java:564)
	at org.testng.internal.MethodInvocationHelper.invokeMethod(MethodInvocationHelper.java:104)
	at org.testng.internal.Invoker.invokeMethod(Invoker.java:645)
	at org.testng.internal.Invoker.invokeTestMethod(Invoker.java:851)
	at org.testng.internal.Invoker.invokeTestMethods(Invoker.java:1177)
	at org.testng.internal.TestMethodWorker.invokeTestMethods(TestMethodWorker.java:129)
	at org.testng.internal.TestMethodWorker.run(TestMethodWorker.java:112)
	at org.testng.TestRunner.privateRun(TestRunner.java:756)
	at org.testng.TestRunner.run(TestRunner.java:610)
	at org.testng.SuiteRunner.runTest(SuiteRunner.java:387)
	at org.testng.SuiteRunner.runSequentially(SuiteRunner.java:382)
	at org.testng.SuiteRunner.privateRun(SuiteRunner.java:340)
	at org.testng.SuiteRunner.run(SuiteRunner.java:289)
	at org.testng.SuiteRunnerWorker.runSuite(SuiteRunnerWorker.java:52)
	at org.testng.SuiteRunnerWorker.run(SuiteRunnerWorker.java:86)
	at org.testng.TestNG.runSuitesSequentially(TestNG.java:1293)
	at org.testng.TestNG.runSuitesLocally(TestNG.java:1218)
	at org.testng.TestNG.runSuites(TestNG.java:1133)
	at org.testng.TestNG.run(TestNG.java:1104)
	at org.testng.IDEARemoteTestNG.run(IDEARemoteTestNG.java:72)
	at org.testng.RemoteTestNGStarter.main(RemoteTestNGStarter.java:123)
Caused by: groovy.json.JsonException: Lexing failed on line: 1, column: 1, while reading '<', no possible valid JSON value or punctuation could be recognized.
	at groovy.json.JsonLexer.nextToken(JsonLexer.java:82)
	at groovy.json.JsonLexer$nextToken.call(Unknown Source)
	at com.jayway.restassured.internal.path.json.ConfigurableJsonSlurper.parse(ConfigurableJsonSlurper.groovy:99)
	at com.jayway.restassured.internal.path.json.ConfigurableJsonSlurper$parse.callCurrent(Unknown Source)
	at com.jayway.restassured.internal.path.json.ConfigurableJsonSlurper.parseText(ConfigurableJsonSlurper.groovy:85)
	at com.jayway.restassured.path.json.JsonPath$4$1.method(JsonPath.java:878)
	at com.jayway.restassured.path.json.JsonPath$ExceptionCatcher.invoke(JsonPath.java:913)
	... 29 more
]]>
    </error>
  </testcase> <!-- getResponseForPostValue -->
  <testcase classname="com.hellofresh.challenge.api_test" name="getResponseForIncorrectCode" time="0.675"/>
  <testcase classname="com.hellofresh.challenge.api_test" name="getSpecificNationGB" time="0.794"/>
  <testcase classname="com.hellofresh.challenge.api_test" name="getAllNations" time="3.784"/>
</testsuite> <!-- com.hellofresh.challenge.api_test -->
